{"/home/khmaravladislav/Desktop/code/frontend-project-46/src/index.js": {"path":"/home/khmaravladislav/Desktop/code/frontend-project-46/src/index.js","statementMap":{"0":{"start":{"line":5,"column":24},"end":{"line":5,"column":52}},"1":{"start":{"line":5,"column":34},"end":{"line":5,"column":52}},"2":{"start":{"line":7,"column":16},"end":{"line":36,"column":1}},"3":{"start":{"line":8,"column":20},"end":{"line":8,"column":42}},"4":{"start":{"line":9,"column":20},"end":{"line":9,"column":42}},"5":{"start":{"line":11,"column":19},"end":{"line":11,"column":57}},"6":{"start":{"line":12,"column":19},"end":{"line":12,"column":57}},"7":{"start":{"line":14,"column":20},"end":{"line":14,"column":41}},"8":{"start":{"line":15,"column":20},"end":{"line":15,"column":41}},"9":{"start":{"line":17,"column":18},"end":{"line":17,"column":47}},"10":{"start":{"line":18,"column":22},"end":{"line":18,"column":36}},"11":{"start":{"line":20,"column":17},"end":{"line":33,"column":8}},"12":{"start":{"line":21,"column":17},"end":{"line":21,"column":20}},"13":{"start":{"line":22,"column":4},"end":{"line":31,"column":5}},"14":{"start":{"line":23,"column":6},"end":{"line":23,"column":53}},"15":{"start":{"line":24,"column":11},"end":{"line":31,"column":5}},"16":{"start":{"line":25,"column":6},"end":{"line":25,"column":53}},"17":{"start":{"line":26,"column":11},"end":{"line":31,"column":5}},"18":{"start":{"line":27,"column":6},"end":{"line":27,"column":53}},"19":{"start":{"line":28,"column":6},"end":{"line":28,"column":53}},"20":{"start":{"line":30,"column":6},"end":{"line":30,"column":53}},"21":{"start":{"line":32,"column":4},"end":{"line":32,"column":18}},"22":{"start":{"line":34,"column":2},"end":{"line":34,"column":31}},"23":{"start":{"line":35,"column":2},"end":{"line":35,"column":25}}},"fnMap":{"0":{"name":"(anonymous_0)","decl":{"start":{"line":5,"column":24},"end":{"line":5,"column":25}},"loc":{"start":{"line":5,"column":34},"end":{"line":5,"column":52}},"line":5},"1":{"name":"(anonymous_1)","decl":{"start":{"line":7,"column":16},"end":{"line":7,"column":17}},"loc":{"start":{"line":7,"column":34},"end":{"line":36,"column":1}},"line":7},"2":{"name":"(anonymous_2)","decl":{"start":{"line":20,"column":36},"end":{"line":20,"column":37}},"loc":{"start":{"line":20,"column":52},"end":{"line":33,"column":3}},"line":20}},"branchMap":{"0":{"loc":{"start":{"line":22,"column":4},"end":{"line":31,"column":5}},"type":"if","locations":[{"start":{"line":22,"column":4},"end":{"line":31,"column":5}},{"start":{"line":24,"column":11},"end":{"line":31,"column":5}}],"line":22},"1":{"loc":{"start":{"line":24,"column":11},"end":{"line":31,"column":5}},"type":"if","locations":[{"start":{"line":24,"column":11},"end":{"line":31,"column":5}},{"start":{"line":26,"column":11},"end":{"line":31,"column":5}}],"line":24},"2":{"loc":{"start":{"line":26,"column":11},"end":{"line":31,"column":5}},"type":"if","locations":[{"start":{"line":26,"column":11},"end":{"line":31,"column":5}},{"start":{"line":29,"column":11},"end":{"line":31,"column":5}}],"line":26}},"s":{"0":1,"1":2,"2":1,"3":1,"4":1,"5":1,"6":1,"7":1,"8":1,"9":1,"10":1,"11":1,"12":5,"13":5,"14":2,"15":3,"16":1,"17":2,"18":1,"19":1,"20":1,"21":5,"22":1,"23":1},"f":{"0":2,"1":1,"2":5},"b":{"0":[2,3],"1":[1,2],"2":[1,1]},"_coverageSchema":"1a1c01bbd47fc00a2c39e90264f33305004495a9","hash":"cb2e22b50034ba57c5dbbfe8d016c39cdc51e825"}
}
